2019-06-20-main-ERROR-root      :Listed the UserList 
2019-06-20-main-ERROR-root      :Listed the UserList 
2019-06-21-main-INFO -root      :The user details successfully added with id: 181.0
2019-06-21-main-INFO -root      :UserList is displayed successfully
2019-06-21-main-INFO -root      :UserList is displayed successfully
2019-06-21-main-INFO -root      :UserList is displayed successfully
2019-06-21-main-INFO -root      :UserList is displayed successfully
2019-06-21-main-INFO -root      :UserList is displayed successfully
2019-06-21-main-INFO -root      :UserList is displayed successfully
2019-06-21-main-INFO -root      :The user details deleted successfully
2019-06-21-main-INFO -root      :UserList is displayed successfully
2019-06-21-main-INFO -root      :UserList is displayed successfully
2019-06-22-main-ERROR-root      :Admin login failed
2019-06-22-main-ERROR-root      :Admin login failed
2019-06-22-main-INFO -root      :The User details are edited succesfully
2019-06-22-main-INFO -root      :The user details successfully added with id: 205.0
2019-06-22-main-INFO -root      :The user details successfully added with id: 206.0
2019-06-22-main-INFO -root      :The user details successfully added with id: 207.0
2019-06-22-main-INFO -root      :The user details successfully added with id: 208.0
2019-06-22-main-INFO -root      :The user details successfully added with id: 209.0
2019-06-22-main-INFO -root      :The user details successfully added with id: 211.0
2019-06-22-main-INFO -root      :The user details successfully added with id: 212.0
2019-06-22-main-INFO -root      :The user details successfully added with id: 213.0
